<?xml version="1.0" encoding="UTF-8"?>
<!-- Generated by org.testng.reporters.JUnitReportReporter -->
<testsuite hostname="LAPTOP-UQ4NF4PM" name="com.example.demo.DemoApplicationTests" tests="1" failures="0" timestamp="9 May 2019 17:09:39 GMT" time="1.475" errors="0">
  <testcase name="contextLoads" time="1.475" classname="com.example.demo.DemoApplicationTests"/>
</testsuite> <!-- com.example.demo.DemoApplicationTests -->
