<?xml version="1.0" encoding="UTF-8"?>
<!-- Generated by org.testng.reporters.JUnitReportReporter -->
<testsuite hostname="LAPTOP-UQ4NF4PM" name="controller.CarControllerIT" tests="1" failures="0" timestamp="9 May 2019 18:04:09 GMT" time="0.105" errors="0">
  <testcase name="testRetreiveCar" time="0.105" classname="controller.CarControllerIT"/>
</testsuite> <!-- controller.CarControllerIT -->
